iMPACT Version: 10.1.03

iMPACT log file Started on Wed Apr 11 16:32:43 2018

// *** BATCH CMD : loadProjectFile -file"C:\Designs\zad6wyswietlacz/zad6wyswietlacz.ipf"
Connecting to cable (Parallel Port - LPT2).
Checking cable driver.
 Driver windrvr6.sys version = 11.5.0.0. WinDriver v11.5.0 Jungo Connectivity (c) 1997 - 2014 Build Date: Jan 26 2014X86 32bit SYS 13:48:19, version = 1150.
 LPT base address = E010h.
 ECP base address = E000h.
Cable connection established.
'1': Loading file 'C:/Designs/zad6wyswietlacz/zad6vhdlmain.bit' ...
done.
INFO:iMPACT:1777 - 
   Reading C:/Xilinx/10.1/ISE/spartan3/data/xc3s200.bsd...
INFO:iMPACT:2257 - Startup Clock has been changed to 'JtagClk' in the bitstream   stored in memory,
   but the original bitstream file remains unchanged.
INFO:iMPACT:501 - '1': Added Device xc3s200 successfully.
----------------------------------------------------------------------
----------------------------------------------------------------------
INFO:iMPACT:1777 - 
   Reading C:/Xilinx/10.1/ISE/xcf/data/xcf02s.bsd...
INFO:iMPACT:501 - '2': Added Device xcf02s successfully.
----------------------------------------------------------------------
----------------------------------------------------------------------
Active mode is BS
// *** BATCH CMD : setMode -ss
// *** BATCH CMD : setMode -sm
// *** BATCH CMD : setMode -hw140
// *** BATCH CMD : setMode -spi
// *** BATCH CMD : setMode -acecf
// *** BATCH CMD : setMode -acempm
// *** BATCH CMD : setMode -pff
// *** BATCH CMD : setMode -bs
// *** BATCH CMD : setMode -bs
// *** BATCH CMD : setMode -bs
// *** BATCH CMD : setMode -bs
// *** BATCH CMD : Program -p 1 
Maximum TCK operating frequency for this device chain: 0.
Validating chain...
Boundary-scan chain validated successfully.
'1': Programming device...
PROGRESS_START - Starting Operation.
 Match_cycle = NoWait.
Match cycle: NoWait
done.
'1': Reading status register contents...
CRC error                                         :         0
RESERVED                                          :         0
DCM locked                                        :         1
DCI Matched                                       :         1
legacy input error                                :         0
status of GTS_CFG_B                               :         1
status of GWE                                     :         1
status of GHIGH                                   :         1
value of MODE pin M0                              :         0
value of MODE pin M1                              :         0
value of MODE pin M2                              :         0
value of CFG_RDY (INIT_B)                         :         1
DONEIN input from DONE pin                        :         1
ID_ERROR                                          :         0
RESERVED                                          :         0
RESERVED                                          :         0
INFO:iMPACT:2219 - Status register values:
INFO:iMPACT - 0011 0111 0001 1000 0000 0000 0000 0000 
INFO:iMPACT:579 - '1': Completed downloading bit file to device.
 Match_cycle = NoWait.
Match cycle: NoWait
INFO:iMPACT - '1': Checking done pin....done.
'1': Programmed successfully.
PROGRESS_END - End Operation.
Elapsed time =      4 sec.
